<?xml version="1.0" encoding="UTF-8"?>
<testsuite xmlns:xsi="http://www.w3.org/2001/XMLSchema-instance" xsi:schemaLocation="https://maven.apache.org/surefire/maven-surefire-plugin/xsd/surefire-test-report.xsd" name="TestSuite" time="0.849" tests="1" errors="0" skipped="0" failures="0">
  <properties>
    <property name="java.vendor" value="Oracle Corporation"/>
    <property name="JOB_NAME" value="mavenTestCheckBox"/>
    <property name="sun.java.launcher" value="SUN_STANDARD"/>
    <property name="windows_tracing_logfile" value="C:\BVTBin\Tests\installpackage\csilogfile.log"/>
    <property name="NUMBER_OF_PROCESSORS" value="4"/>
    <property name="sun.management.compiler" value="HotSpot 64-Bit Tiered Compilers"/>
    <property name="JENKINS_HOME" value="E:\foldersofjen\jenkinsHome"/>
    <property name="HUDSON_SERVER_COOKIE" value="d2b357972757a45d"/>
    <property name="POM_ARTIFACTID" value="SampleProject"/>
    <property name="os.name" value="Windows 7"/>
    <property name="sun.boot.class.path" value="C:\Program Files\Java\jdk1.8.0_141\jre\lib\resources.jar;C:\Program Files\Java\jdk1.8.0_141\jre\lib\rt.jar;C:\Program Files\Java\jdk1.8.0_141\jre\lib\sunrsasign.jar;C:\Program Files\Java\jdk1.8.0_141\jre\lib\jsse.jar;C:\Program Files\Java\jdk1.8.0_141\jre\lib\jce.jar;C:\Program Files\Java\jdk1.8.0_141\jre\lib\charsets.jar;C:\Program Files\Java\jdk1.8.0_141\jre\lib\jfr.jar;C:\Program Files\Java\jdk1.8.0_141\jre\classes"/>
    <property name="EXECUTOR_NUMBER" value="0"/>
    <property name="surefire.suiteXmlFiles" value="testng3.xml"/>
    <property name="sun.desktop" value="windows"/>
    <property name="PATHEXT" value=".COM;.EXE;.BAT;.CMD;.VBS;.VBE;.JS;.JSE;.WSF;.WSH;.MSC;.RB;.RBW"/>
    <property name="java.vm.specification.vendor" value="Oracle Corporation"/>
    <property name="POM_DISPLAYNAME" value="SampleProject"/>
    <property name="NODE_LABELS" value="master"/>
    <property name="TEMP" value="C:\Users\gaurav\AppData\Local\Temp"/>
    <property name="java.runtime.version" value="1.8.0_101-b13"/>
    <property name="user.name" value="gaurav"/>
    <property name="guice.disable.misplaced.annotation.check" value="true"/>
    <property name="CommonProgramW6432" value="C:\Program Files\Common Files"/>
    <property name="ProgramFiles" value="C:\Program Files"/>
    <property name="PROMPT" value="$P$G"/>
    <property name="user.language" value="en"/>
    <property name="testNg" value="testng3.xml"/>
    <property name="JOB_BASE_NAME" value="mavenTestCheckBox"/>
    <property name="RUN_CHANGES_DISPLAY_URL" value="http://unconfigured-jenkins-location/job/mavenTestCheckBox/23/display/redirect?page=changes"/>
    <property name="BUILD_DISPLAY_NAME" value="#23"/>
    <property name="sun.boot.library.path" value="C:\Program Files\Java\jdk1.8.0_141\jre\bin"/>
    <property name="LOCALAPPDATA" value="C:\Users\gaurav\AppData\Local"/>
    <property name="java.version" value="1.8.0_101"/>
    <property name="PROCESSOR_LEVEL" value="6"/>
    <property name="user.timezone" value="Asia/Calcutta"/>
    <property name="USERNAME" value="gaurav"/>
    <property name="sun.arch.data.model" value="64"/>
    <property name="NODE_NAME" value="master"/>
    <property name="java.endorsed.dirs" value="C:\Program Files\Java\jdk1.8.0_141\jre\lib\endorsed"/>
    <property name="BUILD_ID" value="23"/>
    <property name="sun.cpu.isalist" value="amd64"/>
    <property name="sun.jnu.encoding" value="Cp1252"/>
    <property name="file.encoding.pkg" value="sun.io"/>
    <property name="file.separator" value="\"/>
    <property name="java.specification.name" value="Java Platform API Specification"/>
    <property name="HOMEDRIVE" value="C:"/>
    <property name="maven.conf" value="E:\maven\apache-maven-3.5.2\conf"/>
    <property name="java.class.version" value="52.0"/>
    <property name="=::" value="::\"/>
    <property name="org.slf4j.simpleLogger.defaultLogLevel" value="info"/>
    <property name="user.country" value="SG"/>
    <property name="ALLUSERSPROFILE" value="C:\ProgramData"/>
    <property name="java.home" value="C:\Program Files\Java\jdk1.8.0_141\jre"/>
    <property name="java.vm.info" value="mixed mode"/>
    <property name="os.version" value="6.1"/>
    <property name="=ExitCode" value="00000082"/>
    <property name="RUN_DISPLAY_URL" value="http://unconfigured-jenkins-location/job/mavenTestCheckBox/23/display/redirect"/>
    <property name="POM_VERSION" value="0.0.1-SNAPSHOT"/>
    <property name="TMP" value="C:\Users\gaurav\AppData\Local\Temp"/>
    <property name="path.separator" value=";"/>
    <property name="java.vm.version" value="25.101-b13"/>
    <property name="user.variant" value=""/>
    <property name="JOB_DISPLAY_URL" value="http://unconfigured-jenkins-location/job/mavenTestCheckBox/display/redirect"/>
    <property name="CommonProgramFiles(x86)" value="C:\Program Files (x86)\Common Files"/>
    <property name="java.awt.printerjob" value="sun.awt.windows.WPrinterJob"/>
    <property name="FP_NO_HOST_CHECK" value="NO"/>
    <property name="JAVA_HOME" value="C:\Program Files\Java\jdk1.8.0_141"/>
    <property name="sun.io.unicode.encoding" value="UnicodeLittle"/>
    <property name="CommonProgramFiles" value="C:\Program Files\Common Files"/>
    <property name="ComSpec" value="C:\Windows\system32\cmd.exe"/>
    <property name="awt.toolkit" value="sun.awt.windows.WToolkit"/>
    <property name="HOMEPATH" value="\Users\gaurav"/>
    <property name="POM_PACKAGING" value="jar"/>
    <property name="user.script" value=""/>
    <property name="COMPUTERNAME" value="GAURAVK"/>
    <property name="POM_GROUPID" value="SampleProject"/>
    <property name="VBOX_MSI_INSTALL_PATH" value="C:\Program Files\Oracle\VirtualBox\"/>
    <property name="user.home" value="C:\Users\gaurav"/>
    <property name="PUBLIC" value="C:\Users\Public"/>
    <property name="BUILD_TAG" value="jenkins-mavenTestCheckBox-23"/>
    <property name="JENKINS_SERVER_COOKIE" value="d2b357972757a45d"/>
    <property name="=E:" value="E:\"/>
    <property name="ProgramData" value="C:\ProgramData"/>
    <property name="java.specification.vendor" value="Oracle Corporation"/>
    <property name="USERPROFILE" value="C:\Users\gaurav"/>
    <property name="CLASSPATH" value=""/>
    <property name="java.vendor.url" value="http://java.oracle.com/"/>
    <property name="java.library.path" value="C:\Program Files\Java\jdk1.8.0_141\bin;C:\Windows\Sun\Java\bin;C:\Windows\system32;C:\Windows;E:\maven\apache-maven-3.5.2/bin;C:\Program Files\Java\jdk1.8.0_141/bin;C:\Program Files\Java\jdk1.8.0_141/bin;C:\ProgramData\Oracle\Java\javapath;C:\Windows\system32;C:\Windows;C:\Windows\System32\Wbem;C:\Windows\System32\WindowsPowerShell\v1.0\;C:\Program Files\Intel\WiFi\bin\;C:\Program Files\Common Files\Intel\WirelessCommon\;C:\Program Files\Java\jdk8\bin\;C:\Program Files\MySQL\MySQL Server 5.6\bin;C:\Users\gaurav\AppData\Local\Programs\Python\Python36\Scripts;C:\Ruby24-x64\bin;C:\Program Files\Git\cmd;C:\Program Files\nodejs\;C:\Program Files (x86)\Skype\Phone\;E:\Sigar\sigar-amd64-winnt.dll;C:\Users\gaurav\AppData\Local\Android\sdk\build-tools; E:\maven\apache-maven-3.5.2\bin;C:\Users\gaurav\AppData\Local\Android\sdk\platform-tools;C:\Ruby24-x64\bin;C:\Users\gaurav\AppData\Local\Programs\Python\Python36\Scripts;E:\maven\apache-maven-3.5.0\bin;C:\Program Files\nodejs\;C:\Users\gaurav\AppData\Roaming\npm;C:\Users\gaurav\AppData\Local\Android\sdk\tools;C:\Users\gaurav\AppData\Local\Android\sdk\build-tools;C:\Users\gaurav\AppData\Local\Android\sdk\platform-tools;;C:\Users\gaurav\AppData\Local\Programs\Fiddler;E:\maven\apache-maven-3.5.2\bin;."/>
    <property name="name" value="chaudhary"/>
    <property name="java.vm.vendor" value="Oracle Corporation"/>
    <property name="APPDATA" value="C:\Users\gaurav\AppData\Roaming"/>
    <property name="java.runtime.name" value="Java(TM) SE Runtime Environment"/>
    <property name="maven.home" value="E:\maven\apache-maven-3.5.2"/>
    <property name="java.class.path" value="E:\foldersofjen\jenkinsHome\plugins\maven-plugin\WEB-INF\lib\maven35-agent-1.12-alpha-1.jar;E:\maven\apache-maven-3.5.2\boot\plexus-classworlds-2.5.2.jar;E:\maven\apache-maven-3.5.2/conf/logging"/>
    <property name="sun.java.command" value="jenkins.maven3.agent.Maven35Main E:\maven\apache-maven-3.5.2 E:\foldersofjen\jenkinsHome\war\WEB-INF\lib\remoting-3.10.2.jar E:\foldersofjen\jenkinsHome\plugins\maven-plugin\WEB-INF\lib\maven35-interceptor-1.12-alpha-1.jar E:\foldersofjen\jenkinsHome\plugins\maven-plugin\WEB-INF\lib\maven3-interceptor-commons-1.12-alpha-1.jar 53899"/>
    <property name="Path" value="C:\Program Files\Java\jdk1.8.0_141/bin;C:\ProgramData\Oracle\Java\javapath;C:\Windows\system32;C:\Windows;C:\Windows\System32\Wbem;C:\Windows\System32\WindowsPowerShell\v1.0\;C:\Program Files\Intel\WiFi\bin\;C:\Program Files\Common Files\Intel\WirelessCommon\;C:\Program Files\Java\jdk8\bin\;C:\Program Files\MySQL\MySQL Server 5.6\bin;C:\Users\gaurav\AppData\Local\Programs\Python\Python36\Scripts;C:\Ruby24-x64\bin;C:\Program Files\Git\cmd;C:\Program Files\nodejs\;C:\Program Files (x86)\Skype\Phone\;E:\Sigar\sigar-amd64-winnt.dll;C:\Users\gaurav\AppData\Local\Android\sdk\build-tools; E:\maven\apache-maven-3.5.2\bin;C:\Users\gaurav\AppData\Local\Android\sdk\platform-tools;C:\Ruby24-x64\bin;C:\Users\gaurav\AppData\Local\Programs\Python\Python36\Scripts;E:\maven\apache-maven-3.5.0\bin;C:\Program Files\nodejs\;C:\Users\gaurav\AppData\Roaming\npm;C:\Users\gaurav\AppData\Local\Android\sdk\tools;C:\Users\gaurav\AppData\Local\Android\sdk\build-tools;C:\Users\gaurav\AppData\Local\Android\sdk\platform-tools;;C:\Users\gaurav\AppData\Local\Programs\Fiddler;E:\maven\apache-maven-3.5.2\bin"/>
    <property name="java.vm.specification.name" value="Java Virtual Machine Specification"/>
    <property name="PROCESSOR_ARCHITECTURE" value="AMD64"/>
    <property name="PATH+JDK" value="C:\Program Files\Java\jdk1.8.0_141/bin"/>
    <property name="PROCESSOR_IDENTIFIER" value="Intel64 Family 6 Model 78 Stepping 3, GenuineIntel"/>
    <property name="SESSIONNAME" value="Console"/>
    <property name="java.vm.specification.version" value="1.8"/>
    <property name="sun.os.patch.level" value="Service Pack 1"/>
    <property name="sun.cpu.endian" value="little"/>
    <property name="M2_HOME" value="E:\maven\apache-maven-3.5.2"/>
    <property name="=D:" value="D:\Softwares"/>
    <property name="java.io.tmpdir" value="C:\Users\gaurav\AppData\Local\Temp\"/>
    <property name="OS" value="Windows_NT"/>
    <property name="name.PARAM" value="chaudhary"/>
    <property name="HUDSON_HOME" value="E:\foldersofjen\jenkinsHome"/>
    <property name="PATH+MAVEN" value="E:\maven\apache-maven-3.5.2/bin"/>
    <property name="ProgramFiles(x86)" value="C:\Program Files (x86)"/>
    <property name="java.vendor.url.bug" value="http://bugreport.sun.com/bugreport/"/>
    <property name="java.awt.graphicsenv" value="sun.awt.Win32GraphicsEnvironment"/>
    <property name="os.arch" value="amd64"/>
    <property name="SystemRoot" value="C:\Windows"/>
    <property name="windows_tracing_flags" value="3"/>
    <property name="java.ext.dirs" value="C:\Program Files\Java\jdk1.8.0_141\jre\lib\ext;C:\Windows\Sun\Java\lib\ext"/>
    <property name="user.dir" value="D:\TESTING\TPworkSpace\SampleProject"/>
    <property name="LOGONSERVER" value="\\GAURAVK"/>
    <property name="USERDOMAIN" value="GAURAVK"/>
    <property name="line.separator" value="&#10;"/>
    <property name="MAVEN_HOME" value="E:\maven\apache-maven-3.5.2"/>
    <property name="java.vm.name" value="Java HotSpot(TM) 64-Bit Server VM"/>
    <property name="BUILD_NUMBER" value="23"/>
    <property name="ANDROID_HOME" value="C:\Users\gaurav\AppData\Local\Android\sdk"/>
    <property name="PROCESSOR_REVISION" value="4e03"/>
    <property name="ProgramW6432" value="C:\Program Files"/>
    <property name="windir" value="C:\Windows"/>
    <property name="=C:" value="C:\Windows\System32"/>
    <property name="file.encoding" value="Cp1252"/>
    <property name="SystemDrive" value="C:"/>
    <property name="maven3.interceptor" value="E:\foldersofjen\jenkinsHome\plugins\maven-plugin\WEB-INF\lib\maven35-interceptor-1.12-alpha-1.jar"/>
    <property name="WORKSPACE" value="E:\foldersofjen\jenkinsHome\workspace\mavenTestCheckBox"/>
    <property name="maven3.interceptor.common" value="E:\foldersofjen\jenkinsHome\plugins\maven-plugin\WEB-INF\lib\maven3-interceptor-commons-1.12-alpha-1.jar"/>
    <property name="java.specification.version" value="1.8"/>
    <property name="PSModulePath" value="C:\Windows\system32\WindowsPowerShell\v1.0\Modules\"/>
  </properties>
  <testcase name="gaurav3" classname="pageObjects.test3$test2" time="0.024"/>
</testsuite>