<?xml version="1.0" encoding="UTF-8"?>
<!-- Generated by org.testng.reporters.JUnitReportReporter -->
<testsuite skipped="0" hostname="Gaurav" name="pageObjects.excel" tests="1" failures="0" timestamp="13 Feb 2018 11:39:56 GMT" time="2.473" errors="0">
  <testcase name="test" time="2.473" classname="pageObjects.excel"/>
</testsuite> <!-- pageObjects.excel -->
