<?xml version="1.0" encoding="UTF-8"?>
<!-- Generated by org.testng.reporters.JUnitReportReporter -->
<testsuite skipped="0" hostname="gauravk" name="utils.SendEmail" tests="1" failures="0" timestamp="08 Nov 2017 07:21:56 GMT" time="7.333" errors="0">
  <testcase name="sendEmailTo" time="7.333" classname="utils.SendEmail"/>
</testsuite> <!-- utils.SendEmail -->
