<?xml version="1.0" encoding="UTF-8"?>
<!-- Generated by org.testng.reporters.JUnitReportReporter -->
<testsuite skipped="0" hostname="Gaurav" name="testCases.MethodAnnotations" tests="2" failures="0" timestamp="16 May 2018 19:17:33 GMT" time="0.016" errors="0">
  <testcase name="testMethodOne" time="0.014" classname="testCases.MethodAnnotations"/>
  <testcase name="testMethodTwo" time="0.002" classname="testCases.MethodAnnotations"/>
</testsuite> <!-- testCases.MethodAnnotations -->
