<?xml version="1.0" encoding="UTF-8"?>
<!-- Generated by org.testng.reporters.JUnitReportReporter -->
<testsuite skipped="0" hostname="gauravk" name="basePackage.GetBrowserInstance" tests="1" failures="0" timestamp="08 Nov 2017 09:03:04 GMT" time="0.022" errors="0">
  <testcase name="gridBrowser" time="0.022" classname="basePackage.GetBrowserInstance"/>
</testsuite> <!-- basePackage.GetBrowserInstance -->
