<?xml version="1.0" encoding="UTF-8"?>
<!-- Generated by org.testng.reporters.JUnitReportReporter -->
<testsuite skipped="0" hostname="Gaurav" name="pageObjects.test2" tests="1" failures="0" timestamp="08 Dec 2017 13:55:41 GMT" time="8.368" errors="0">
  <testcase name="test" time="8.368" classname="pageObjects.test2"/>
</testsuite> <!-- pageObjects.test2 -->
