<?xml version="1.0" encoding="UTF-8"?>
<!-- Generated by org.testng.reporters.JUnitReportReporter -->
<testsuite skipped="0" hostname="Gaurav" name="pageObjects.textToSpeech" tests="1" failures="0" timestamp="03 Jan 2018 14:26:57 GMT" time="14.033" errors="0">
  <testcase name="alert" time="14.033" classname="pageObjects.textToSpeech"/>
</testsuite> <!-- pageObjects.textToSpeech -->
