<?xml version="1.0" encoding="UTF-8"?>
<!-- Generated by org.testng.reporters.JUnitReportReporter -->
<testsuite skipped="0" hostname="Gaurav" name="testCases.ClassAnnotations" tests="1" failures="0" timestamp="16 May 2018 19:04:17 GMT" time="0.005" errors="0">
  <testcase name="testTest" time="0.005" classname="testCases.ClassAnnotations"/>
</testsuite> <!-- testCases.ClassAnnotations -->
