<?xml version="1.0" encoding="UTF-8"?>
<!-- Generated by org.testng.reporters.JUnitReportReporter -->
<testsuite skipped="0" hostname="gauravk" name="utils.runBatchFile" tests="1" failures="0" timestamp="08 Nov 2017 08:11:56 GMT" time="0.018" errors="0">
  <testcase name="runbatchFile" time="0.018" classname="utils.runBatchFile"/>
</testsuite> <!-- utils.runBatchFile -->
