<?xml version="1.0" encoding="UTF-8"?>
<!-- Generated by org.testng.reporters.JUnitReportReporter -->
<testsuite skipped="0" hostname="gauravk" name="pageObjects.test3$test2" tests="1" failures="0" timestamp="28 Nov 2017 06:49:12 GMT" time="0.010" errors="0">
  <testcase name="gaurav3" time="0.010" classname="pageObjects.test3$test2"/>
</testsuite> <!-- pageObjects.test3$test2 -->
